  main_CV_v2.cpp
c:\users\docdo\documents\github\cv2019_project\cv_project\main_cv_v2.cpp(99): warning C4244: 'argomento': conversione da 'int' a '_Tp'. Possibile perdita di dati.
          with
          [
              _Tp=float
          ]
c:\users\docdo\documents\github\cv2019_project\cv_project\main_cv_v2.cpp(109): warning C4244: 'argomento': conversione da 'int' a '_Tp'. Possibile perdita di dati.
          with
          [
              _Tp=float
          ]
c:\users\docdo\documents\github\cv2019_project\cv_project\main_cv_v2.cpp(129): warning C4244: '=': conversione da 'double' a 'float'. Possibile perdita di dati.
c:\users\docdo\documents\github\cv2019_project\cv_project\main_cv_v2.cpp(245): warning C4244: 'inizializzazione': conversione da 'double' a 'int'. Possibile perdita di dati.
c:\users\docdo\documents\github\cv2019_project\cv_project\main_cv_v2.cpp(275): warning C4305: 'inizializzazione': troncamento da 'double' a 'float'
c:\users\docdo\documents\github\cv2019_project\cv_project\main_cv_v2.cpp(372): warning C4244: 'inizializzazione': conversione da 'double' a 'float'. Possibile perdita di dati.
c:\users\docdo\documents\github\cv2019_project\cv_project\main_cv_v2.cpp(406): warning C4244: '=': conversione da 'double' a '_Tp'. Possibile perdita di dati.
          with
          [
              _Tp=int
          ]
c:\users\docdo\documents\github\cv2019_project\cv_project\main_cv_v2.cpp(407): warning C4244: '=': conversione da 'double' a '_Tp'. Possibile perdita di dati.
          with
          [
              _Tp=int
          ]
c:\users\docdo\documents\github\cv2019_project\cv_project\main_cv_v2.cpp(409): warning C4244: '=': conversione da 'double' a '_Tp'. Possibile perdita di dati.
          with
          [
              _Tp=int
          ]
c:\users\docdo\documents\github\cv2019_project\cv_project\main_cv_v2.cpp(410): warning C4244: '=': conversione da 'double' a '_Tp'. Possibile perdita di dati.
          with
          [
              _Tp=int
          ]
c:\users\docdo\documents\github\cv2019_project\cv_project\main_cv_v2.cpp(422): warning C4244: '=': conversione da 'double' a '_Tp'. Possibile perdita di dati.
          with
          [
              _Tp=int
          ]
c:\users\docdo\documents\github\cv2019_project\cv_project\main_cv_v2.cpp(423): warning C4244: '=': conversione da 'double' a '_Tp'. Possibile perdita di dati.
          with
          [
              _Tp=int
          ]
c:\users\docdo\documents\github\cv2019_project\cv_project\main_cv_v2.cpp(425): warning C4244: '=': conversione da 'double' a '_Tp'. Possibile perdita di dati.
          with
          [
              _Tp=int
          ]
c:\users\docdo\documents\github\cv2019_project\cv_project\main_cv_v2.cpp(426): warning C4244: '=': conversione da 'double' a '_Tp'. Possibile perdita di dati.
          with
          [
              _Tp=int
          ]
c:\users\docdo\documents\github\cv2019_project\cv_project\main_cv_v2.cpp(476): warning C4244: 'inizializzazione': conversione da 'int' a 'float'. Possibile perdita di dati.
c:\users\docdo\documents\github\cv2019_project\cv_project\main_cv_v2.cpp(482): warning C4244: '=': conversione da 'double' a 'float'. Possibile perdita di dati.
c:\users\docdo\documents\github\cv2019_project\cv_project\main_cv_v2.cpp(675): warning C4244: 'inizializzazione': conversione da '_Tp' a 'float'. Possibile perdita di dati.
          with
          [
              _Tp=int
          ]
c:\users\docdo\documents\github\cv2019_project\cv_project\main_cv_v2.cpp(698): warning C4244: 'argomento': conversione da 'int' a '_Tp'. Possibile perdita di dati.
          with
          [
              _Tp=float
          ]
c:\users\docdo\documents\github\cv2019_project\cv_project\main_cv_v2.cpp(702): warning C4244: 'inizializzazione': conversione da '_Tp' a 'float'. Possibile perdita di dati.
          with
          [
              _Tp=int
          ]
c:\users\docdo\documents\github\cv2019_project\cv_project\main_cv_v2.cpp(744): warning C4244: 'argomento': conversione da 'float' a '_Tp'. Possibile perdita di dati.
          with
          [
              _Tp=int
          ]
c:\users\docdo\documents\github\cv2019_project\cv_project\main_cv_v2.cpp(768): warning C4267: 'argomento': conversione da 'size_t' a 'int'. Possibile perdita di dati.
c:\users\docdo\documents\github\cv2019_project\cv_project\main_cv_v2.cpp(880): warning C4244: 'inizializzazione': conversione da '_Tp' a 'float'. Possibile perdita di dati.
          with
          [
              _Tp=int
          ]
c:\users\docdo\documents\github\cv2019_project\cv_project\main_cv_v2.cpp(936): warning C4244: 'inizializzazione': conversione da 'int' a 'float'. Possibile perdita di dati.
c:\users\docdo\documents\github\cv2019_project\cv_project\main_cv_v2.cpp(975): warning C4244: '=': conversione da 'double' a 'float'. Possibile perdita di dati.
c:\users\docdo\documents\github\cv2019_project\cv_project\main_cv_v2.cpp(979): warning C4244: '=': conversione da 'double' a 'float'. Possibile perdita di dati.
c:\users\docdo\documents\github\cv2019_project\cv_project\main_cv_v2.cpp(999): warning C4244: 'return': conversione da 'double' a 'float'. Possibile perdita di dati.
c:\users\docdo\documents\github\cv2019_project\cv_project\main_cv_v2.cpp(1004): warning C4244: '=': conversione da 'float' a '_Tp'. Possibile perdita di dati.
          with
          [
              _Tp=int
          ]
c:\users\docdo\documents\github\cv2019_project\cv_project\main_cv_v2.cpp(1005): warning C4244: '=': conversione da 'float' a '_Tp'. Possibile perdita di dati.
          with
          [
              _Tp=int
          ]
c:\users\docdo\documents\github\cv2019_project\cv_project\main_cv_v2.cpp(1006): warning C4244: 'return': conversione da 'double' a 'float'. Possibile perdita di dati.
c:\users\docdo\documents\github\cv2019_project\cv_project\main_cv_v2.cpp(1018): warning C4244: '=': conversione da 'double' a '_Tp'. Possibile perdita di dati.
          with
          [
              _Tp=int
          ]
c:\users\docdo\documents\github\cv2019_project\cv_project\main_cv_v2.cpp(1019): warning C4244: '=': conversione da 'double' a '_Tp'. Possibile perdita di dati.
          with
          [
              _Tp=int
          ]
c:\users\docdo\documents\github\cv2019_project\cv_project\main_cv_v2.cpp(1025): warning C4244: '=': conversione da 'double' a '_Tp'. Possibile perdita di dati.
          with
          [
              _Tp=int
          ]
c:\users\docdo\documents\github\cv2019_project\cv_project\main_cv_v2.cpp(1026): warning C4244: '=': conversione da 'double' a '_Tp'. Possibile perdita di dati.
          with
          [
              _Tp=int
          ]
c:\users\docdo\documents\github\cv2019_project\cv_project\main_cv_v2.cpp(1074): warning C4244: '=': conversione da '_Ty' a 'float'. Possibile perdita di dati.
          with
          [
              _Ty=int
          ]
c:\users\docdo\documents\github\cv2019_project\cv_project\main_cv_v2.cpp(1075): warning C4244: '=': conversione da 'int' a 'float'. Possibile perdita di dati.
c:\users\docdo\documents\github\cv2019_project\cv_project\main_cv_v2.cpp(1078): warning C4244: 'argomento': conversione da 'float' a 'const unsigned __int64'. Possibile perdita di dati.
c:\users\docdo\documents\github\cv2019_project\cv_project\main_cv_v2.cpp(1033): warning C4101: 'h': variabile locale senza riferimenti
c:\users\docdo\documents\github\cv2019_project\cv_project\main_cv_v2.cpp(1126): warning C4244: '=': conversione da '_Ty' a 'float'. Possibile perdita di dati.
          with
          [
              _Ty=int
          ]
c:\users\docdo\documents\github\cv2019_project\cv_project\main_cv_v2.cpp(1127): warning C4244: '=': conversione da 'int' a 'float'. Possibile perdita di dati.
c:\users\docdo\documents\github\cv2019_project\cv_project\main_cv_v2.cpp(1130): warning C4244: 'argomento': conversione da 'float' a 'const unsigned __int64'. Possibile perdita di dati.
c:\users\docdo\documents\github\cv2019_project\cv_project\main_cv_v2.cpp(1134): warning C4244: '=': conversione da '_Ty' a 'float'. Possibile perdita di dati.
          with
          [
              _Ty=int
          ]
c:\users\docdo\documents\github\cv2019_project\cv_project\main_cv_v2.cpp(1135): warning C4244: '=': conversione da 'int' a 'float'. Possibile perdita di dati.
c:\users\docdo\documents\github\cv2019_project\cv_project\main_cv_v2.cpp(1139): warning C4244: 'argomento': conversione da 'float' a 'const _Ty'. Possibile perdita di dati.
          with
          [
              _Ty=int
          ]
c:\users\docdo\documents\github\cv2019_project\cv_project\main_cv_v2.cpp(1140): warning C4244: 'argomento': conversione da 'float' a 'const _Ty'. Possibile perdita di dati.
          with
          [
              _Ty=int
          ]
c:\users\docdo\documents\github\cv2019_project\cv_project\main_cv_v2.cpp(1085): warning C4101: 'h': variabile locale senza riferimenti
  CV_Project.vcxproj -> C:\Users\docdo\Documents\GitHub\CV2019_Project\CV_Project\x64\Debug\CV_Project.exe
